<?xml version="1.0" encoding="UTF-8"?>
<!-- Generated by org.testng.reporters.JUnitReportReporter -->
<testsuite name="com.jbk.LoginTestCase" tests="2" time="0.082" ignored="0" failures="0" timestamp="27 Jan 2020 06:51:10 GMT" skipped="0" hostname="HP" errors="0">
  <testcase name="checkHeading" time="0.074" classname="com.jbk.LoginTestCase"/>
  <testcase name="checkTitle" time="0.008" classname="com.jbk.LoginTestCase"/>
</testsuite> <!-- com.jbk.LoginTestCase -->
